This is pdfTeX, Version 3.14159265-2.6-1.40.16 (MiKTeX 2.9) (preloaded format=pdflatex 2016.1.7)  18 APR 2016 20:10
entering extended mode
**C:/Users/WillB/OneDrive/Documents/GitHub/compressible_acoustic/Tex/Compressib
le_Acoustic.tex

(C:/Users/WillB/OneDrive/Documents/GitHub/compressible_acoustic/Tex/Compressibl
e_Acoustic.tex
LaTeX2e <2015/10/01> patch level 2
Babel <3.9m> and hyphenation patterns for 69 languages loaded.
("C:\Program Files (x86)\MiKTeX 2.9\tex\latex\base\article.cls"
Document Class: article 2014/09/29 v1.4h Standard LaTeX document class
("C:\Program Files (x86)\MiKTeX 2.9\tex\latex\base\size11.clo"
File: size11.clo 2014/09/29 v1.4h Standard LaTeX file (size option)
)
\c@part=\count79
\c@section=\count80
\c@subsection=\count81
\c@subsubsection=\count82
\c@paragraph=\count83
\c@subparagraph=\count84
\c@figure=\count85
\c@table=\count86
\abovecaptionskip=\skip41
\belowcaptionskip=\skip42
\bibindent=\dimen102
)
("C:\Program Files (x86)\MiKTeX 2.9\tex\latex\amsmath\amsmath.sty"
Package: amsmath 2013/01/14 v2.14 AMS math features
\@mathmargin=\skip43

For additional information on amsmath, use the `?' option.
("C:\Program Files (x86)\MiKTeX 2.9\tex\latex\amsmath\amstext.sty"
Package: amstext 2000/06/29 v2.01

("C:\Program Files (x86)\MiKTeX 2.9\tex\latex\amsmath\amsgen.sty"
File: amsgen.sty 1999/11/30 v2.0
\@emptytoks=\toks14
\ex@=\dimen103
))
("C:\Program Files (x86)\MiKTeX 2.9\tex\latex\amsmath\amsbsy.sty"
Package: amsbsy 1999/11/29 v1.2d
\pmbraise@=\dimen104
)
("C:\Program Files (x86)\MiKTeX 2.9\tex\latex\amsmath\amsopn.sty"
Package: amsopn 1999/12/14 v2.01 operator names
)
\inf@bad=\count87
LaTeX Info: Redefining \frac on input line 210.
\uproot@=\count88
\leftroot@=\count89
LaTeX Info: Redefining \overline on input line 306.
\classnum@=\count90
\DOTSCASE@=\count91
LaTeX Info: Redefining \ldots on input line 378.
LaTeX Info: Redefining \dots on input line 381.
LaTeX Info: Redefining \cdots on input line 466.
\Mathstrutbox@=\box26
\strutbox@=\box27
\big@size=\dimen105
LaTeX Font Info:    Redeclaring font encoding OML on input line 566.
LaTeX Font Info:    Redeclaring font encoding OMS on input line 567.
\macc@depth=\count92
\c@MaxMatrixCols=\count93
\dotsspace@=\muskip10
\c@parentequation=\count94
\dspbrk@lvl=\count95
\tag@help=\toks15
\row@=\count96
\column@=\count97
\maxfields@=\count98
\andhelp@=\toks16
\eqnshift@=\dimen106
\alignsep@=\dimen107
\tagshift@=\dimen108
\tagwidth@=\dimen109
\totwidth@=\dimen110
\lineht@=\dimen111
\@envbody=\toks17
\multlinegap=\skip44
\multlinetaggap=\skip45
\mathdisplay@stack=\toks18
LaTeX Info: Redefining \[ on input line 2665.
LaTeX Info: Redefining \] on input line 2666.
)
("C:\Program Files (x86)\MiKTeX 2.9\tex\latex\amsfonts\amssymb.sty"
Package: amssymb 2013/01/14 v3.01 AMS font symbols

("C:\Program Files (x86)\MiKTeX 2.9\tex\latex\amsfonts\amsfonts.sty"
Package: amsfonts 2013/01/14 v3.01 Basic AMSFonts support
\symAMSa=\mathgroup4
\symAMSb=\mathgroup5
LaTeX Font Info:    Overwriting math alphabet `\mathfrak' in version `bold'
(Font)                  U/euf/m/n --> U/euf/b/n on input line 106.
))
("C:\Program Files (x86)\MiKTeX 2.9\tex\latex\tools\verbatim.sty"
Package: verbatim 2014/10/28 v1.5q LaTeX2e package for verbatim enhancements
\every@verbatim=\toks19
\verbatim@line=\toks20
\verbatim@in@stream=\read1
)
("C:\Program Files (x86)\MiKTeX 2.9\tex\latex\graphics\graphicx.sty"
Package: graphicx 2014/10/28 v1.0g Enhanced LaTeX Graphics (DPC,SPQR)

("C:\Program Files (x86)\MiKTeX 2.9\tex\latex\graphics\keyval.sty"
Package: keyval 2014/10/28 v1.15 key=value parser (DPC)
\KV@toks@=\toks21
)
("C:\Program Files (x86)\MiKTeX 2.9\tex\latex\graphics\graphics.sty"
Package: graphics 2014/10/28 v1.0p Standard LaTeX Graphics (DPC,SPQR)

("C:\Program Files (x86)\MiKTeX 2.9\tex\latex\graphics\trig.sty"
Package: trig 1999/03/16 v1.09 sin cos tan (DPC)
)
("C:\Program Files (x86)\MiKTeX 2.9\tex\latex\00miktex\graphics.cfg"
File: graphics.cfg 2007/01/18 v1.5 graphics configuration of teTeX/TeXLive
)
Package graphics Info: Driver file: pdftex.def on input line 94.

("C:\Program Files (x86)\MiKTeX 2.9\tex\latex\pdftex-def\pdftex.def"
File: pdftex.def 2011/05/27 v0.06d Graphics/color for pdfTeX

("C:\Program Files (x86)\MiKTeX 2.9\tex\generic\oberdiek\infwarerr.sty"
Package: infwarerr 2010/04/08 v1.3 Providing info/warning/error messages (HO)
)
("C:\Program Files (x86)\MiKTeX 2.9\tex\generic\oberdiek\ltxcmds.sty"
Package: ltxcmds 2011/11/09 v1.22 LaTeX kernel commands for general use (HO)
)
\Gread@gobject=\count99
))
\Gin@req@height=\dimen112
\Gin@req@width=\dimen113
)
("C:\Users\WillB\AppData\Local\Programs\MiKTeX 2.9\tex\latex\psfrag\psfrag.sty"
Package: psfrag 1998/04/11 v3.04 PSfrag (MCG)
\pfg@pcount=\count100
\pfg@scount=\count101
\pfg@temp=\write3
)
("C:\Users\WillB\AppData\Local\Programs\MiKTeX 2.9\tex\latex\listings\listings.
sty"
\lst@mode=\count102
\lst@gtempboxa=\box28
\lst@token=\toks22
\lst@length=\count103
\lst@currlwidth=\dimen114
\lst@column=\count104
\lst@pos=\count105
\lst@lostspace=\dimen115
\lst@width=\dimen116
\lst@newlines=\count106
\lst@lineno=\count107
\lst@maxwidth=\dimen117

("C:\Users\WillB\AppData\Local\Programs\MiKTeX 2.9\tex\latex\listings\lstmisc.s
ty"
File: lstmisc.sty 2015/06/04 1.6 (Carsten Heinz)
\c@lstnumber=\count108
\lst@skipnumbers=\count109
\lst@framebox=\box29
)
("C:\Users\WillB\AppData\Local\Programs\MiKTeX 2.9\tex\latex\listings\listings.
cfg"
File: listings.cfg 2015/06/04 1.6 listings configuration
))
Package: listings 2015/06/04 1.6 (Carsten Heinz)

("C:\Users\WillB\AppData\Local\Programs\MiKTeX 2.9\tex\latex\booktabs\booktabs.
sty"
Package: booktabs 2005/04/14 v1.61803 publication quality tables
\heavyrulewidth=\dimen118
\lightrulewidth=\dimen119
\cmidrulewidth=\dimen120
\belowrulesep=\dimen121
\belowbottomsep=\dimen122
\aboverulesep=\dimen123
\abovetopsep=\dimen124
\cmidrulesep=\dimen125
\cmidrulekern=\dimen126
\defaultaddspace=\dimen127
\@cmidla=\count110
\@cmidlb=\count111
\@aboverulesep=\dimen128
\@belowrulesep=\dimen129
\@thisruleclass=\count112
\@lastruleclass=\count113
\@thisrulewidth=\dimen130
)
("C:\Users\WillB\AppData\Local\Programs\MiKTeX 2.9\tex\latex\caption\caption.st
y"
Package: caption 2015/09/17 v3.3-111 Customizing captions (AR)

("C:\Users\WillB\AppData\Local\Programs\MiKTeX 2.9\tex\latex\caption\caption3.s
ty"
Package: caption3 2015/09/20 v1.7-115 caption3 kernel (AR)
Package caption3 Info: TeX engine: e-TeX on input line 57.
\captionmargin=\dimen131
\captionmargin@=\dimen132
\captionwidth=\dimen133
\caption@tempdima=\dimen134
\caption@indent=\dimen135
\caption@parindent=\dimen136
\caption@hangindent=\dimen137
)
\c@ContinuedFloat=\count114
Package caption Info: listings package is loaded.
)
("C:\Users\WillB\AppData\Local\Programs\MiKTeX 2.9\tex\latex\caption\subcaption
.sty"
Package: subcaption 2015/09/15 v1.1-100 Sub-captions (AR)
\c@subfigure=\count115
\c@subtable=\count116
) (Compressible_Acoustic.aux)
\openout1 = `Compressible_Acoustic.aux'.

LaTeX Font Info:    Checking defaults for OML/cmm/m/it on input line 27.
LaTeX Font Info:    ... okay on input line 27.
LaTeX Font Info:    Checking defaults for T1/cmr/m/n on input line 27.
LaTeX Font Info:    ... okay on input line 27.
LaTeX Font Info:    Checking defaults for OT1/cmr/m/n on input line 27.
LaTeX Font Info:    ... okay on input line 27.
LaTeX Font Info:    Checking defaults for OMS/cmsy/m/n on input line 27.
LaTeX Font Info:    ... okay on input line 27.
LaTeX Font Info:    Checking defaults for OMX/cmex/m/n on input line 27.
LaTeX Font Info:    ... okay on input line 27.
LaTeX Font Info:    Checking defaults for U/cmr/m/n on input line 27.
LaTeX Font Info:    ... okay on input line 27.

("C:\Users\WillB\AppData\Local\Programs\MiKTeX 2.9\tex\context\base\supp-pdf.mk
ii"
[Loading MPS to PDF converter (version 2006.09.02).]
\scratchcounter=\count117
\scratchdimen=\dimen138
\scratchbox=\box30
\nofMPsegments=\count118
\nofMParguments=\count119
\everyMPshowfont=\toks23
\MPscratchCnt=\count120
\MPscratchDim=\dimen139
\MPnumerator=\count121
\makeMPintoPDFobject=\count122
\everyMPtoPDFconversion=\toks24
)
\c@lstlisting=\count123
Package caption Info: Begin \AtBeginDocument code.
Package caption Info: End \AtBeginDocument code.
LaTeX Font Info:    Try loading font information for U+msa on input line 29.
 ("C:\Program Files (x86)\MiKTeX 2.9\tex\latex\amsfonts\umsa.fd"
File: umsa.fd 2013/01/14 v3.01 AMS symbols A
)
LaTeX Font Info:    Try loading font information for U+msb on input line 29.

("C:\Program Files (x86)\MiKTeX 2.9\tex\latex\amsfonts\umsb.fd"
File: umsb.fd 2013/01/14 v3.01 AMS symbols B
)
LaTeX Font Info:    Try loading font information for OMS+cmr on input line 47.

("C:\Program Files (x86)\MiKTeX 2.9\tex\latex\base\omscmr.fd"
File: omscmr.fd 2014/09/29 v2.5h Standard LaTeX font definitions
)
LaTeX Font Info:    Font shape `OMS/cmr/m/n' in size <10.95> not available
(Font)              Font shape `OMS/cmsy/m/n' tried instead on input line 47.
 [1
Non-PDF special ignored!

{C:/Users/WillB/AppData/Local/MiKTeX/2.9/pdftex/config/pdftex.map}] [2] [3] [4]
 [5] <error1.png, id=28, 449.68pt x 337.26pt>
File: error1.png Graphic file (type png)

<use error1.png>
Package pdftex.def Info: error1.png used on input line 290.
(pdftex.def)             Requested size: 336.05533pt x 252.05408pt.
 <error2.png, id=29, 449.68pt x 337.26pt>
File: error2.png Graphic file (type png)
 <use error2.png>
Package pdftex.def Info: error2.png used on input line 299.
(pdftex.def)             Requested size: 336.05533pt x 252.05408pt.

<error3.png, id=30, 449.68pt x 337.26pt>
File: error3.png Graphic file (type png)
 <use error3.png>
Package pdftex.def Info: error3.png used on input line 304.
(pdftex.def)             Requested size: 336.05533pt x 252.05408pt.


LaTeX Warning: No positions in optional float specifier.
               Default added (so using `tbp') on input line 320.


LaTeX Warning: No positions in optional float specifier.
               Default added (so using `tbp') on input line 346.


LaTeX Warning: No positions in optional float specifier.
               Default added (so using `tbp') on input line 373.

[6] [7 <./error1.png (PNG copy)>] [8 <./error2.png (PNG copy)> <./error3.png (P
NG copy)>] [9] (Compressible_Acoustic.aux) ) 
Here is how much of TeX's memory you used:
 4496 strings out of 493634
 65678 string characters out of 3141315
 140935 words of memory out of 3000000
 7851 multiletter control sequences out of 15000+200000
 11044 words of font info for 42 fonts, out of 3000000 for 9000
 1025 hyphenation exceptions out of 8191
 36i,11n,38p,746b,376s stack positions out of 5000i,500n,10000p,200000b,50000s
<C:/Program Files (x86)/MiKTeX 2.9/
fonts/type1/public/amsfonts/cm/cmbx12.pfb><C:/Program Files (x86)/MiKTeX 2.9/fo
nts/type1/public/amsfonts/cm/cmex10.pfb><C:/Program Files (x86)/MiKTeX 2.9/font
s/type1/public/amsfonts/cm/cmmi10.pfb><C:/Program Files (x86)/MiKTeX 2.9/fonts/
type1/public/amsfonts/cm/cmmi6.pfb><C:/Program Files (x86)/MiKTeX 2.9/fonts/typ
e1/public/amsfonts/cm/cmmi8.pfb><C:/Program Files (x86)/MiKTeX 2.9/fonts/type1/
public/amsfonts/cm/cmr10.pfb><C:/Program Files (x86)/MiKTeX 2.9/fonts/type1/pub
lic/amsfonts/cm/cmr12.pfb><C:/Program Files (x86)/MiKTeX 2.9/fonts/type1/public
/amsfonts/cm/cmr17.pfb><C:/Program Files (x86)/MiKTeX 2.9/fonts/type1/public/am
sfonts/cm/cmr6.pfb><C:/Program Files (x86)/MiKTeX 2.9/fonts/type1/public/amsfon
ts/cm/cmr8.pfb><C:/Program Files (x86)/MiKTeX 2.9/fonts/type1/public/amsfonts/c
m/cmsy10.pfb><C:/Program Files (x86)/MiKTeX 2.9/fonts/type1/public/amsfonts/cm/
cmsy8.pfb>
Output written on Compressible_Acoustic.pdf (9 pages, 180423 bytes).
PDF statistics:
 83 PDF objects out of 1000 (max. 8388607)
 0 named destinations out of 1000 (max. 500000)
 16 words of extra memory for PDF output out of 10000 (max. 10000000)

